@!@!@STARTMSG 2262:0 @!@!@
TLC2 Version 2.18 of Day Month 20?? (rev: 2576f2c)
@!@!@ENDMSG 2262 @!@!@
@!@!@STARTMSG 2187:0 @!@!@
Running breadth-first search Model-Checking with fp 102 and seed 7279192861631596574 with 1 worker on 8 cores with 3641MB heap and 64MB offheap memory [pid: 16497] (Mac OS X 14.3.1 x86_64, Oracle Corporation 17.0.5 x86_64, MSBDiskFPSet, DiskStateQueue).
@!@!@ENDMSG 2187 @!@!@
@!@!@STARTMSG 2220:0 @!@!@
Starting SANY...
@!@!@ENDMSG 2220 @!@!@
Parsing file /Users/cirstea/DEVELOP/ORACLE/TwoPhase/spec/TwoPhaseTrace.tla
Parsing file /private/var/folders/j8/dxzt9m3120d9kd73m4msx0m400005r/T/tlc-17783879864186308134/TLC.tla (jar:file:/Users/cirstea/.vscode/extensions/alygin.vscode-tlaplus-nightly-2024.2.2106/tools/tla2tools.jar!/tla2sany/StandardModules/TLC.tla)
Parsing file /private/var/folders/j8/dxzt9m3120d9kd73m4msx0m400005r/T/tlc-17783879864186308134/Sequences.tla (jar:file:/Users/cirstea/.vscode/extensions/alygin.vscode-tlaplus-nightly-2024.2.2106/tools/tla2tools.jar!/tla2sany/StandardModules/Sequences.tla)
Parsing file /private/var/folders/j8/dxzt9m3120d9kd73m4msx0m400005r/T/tlc-17783879864186308134/SequencesExt.tla (jar:file:/Users/cirstea/.vscode/extensions/alygin.vscode-tlaplus-nightly-2024.2.2106/tools/CommunityModules-deps.jar!/SequencesExt.tla)
Parsing file /private/var/folders/j8/dxzt9m3120d9kd73m4msx0m400005r/T/tlc-17783879864186308134/Naturals.tla (jar:file:/Users/cirstea/.vscode/extensions/alygin.vscode-tlaplus-nightly-2024.2.2106/tools/tla2tools.jar!/tla2sany/StandardModules/Naturals.tla)
Parsing file /private/var/folders/j8/dxzt9m3120d9kd73m4msx0m400005r/T/tlc-17783879864186308134/FiniteSets.tla (jar:file:/Users/cirstea/.vscode/extensions/alygin.vscode-tlaplus-nightly-2024.2.2106/tools/tla2tools.jar!/tla2sany/StandardModules/FiniteSets.tla)
Parsing file /private/var/folders/j8/dxzt9m3120d9kd73m4msx0m400005r/T/tlc-17783879864186308134/Bags.tla (jar:file:/Users/cirstea/.vscode/extensions/alygin.vscode-tlaplus-nightly-2024.2.2106/tools/tla2tools.jar!/tla2sany/StandardModules/Bags.tla)
Parsing file /private/var/folders/j8/dxzt9m3120d9kd73m4msx0m400005r/T/tlc-17783879864186308134/Json.tla (jar:file:/Users/cirstea/.vscode/extensions/alygin.vscode-tlaplus-nightly-2024.2.2106/tools/tla2tools.jar!/tla2sany/StandardModules/Json.tla)
Parsing file /private/var/folders/j8/dxzt9m3120d9kd73m4msx0m400005r/T/tlc-17783879864186308134/IOUtils.tla (jar:file:/Users/cirstea/.vscode/extensions/alygin.vscode-tlaplus-nightly-2024.2.2106/tools/CommunityModules-deps.jar!/IOUtils.tla)
Parsing file /Users/cirstea/DEVELOP/ORACLE/TwoPhase/spec/TwoPhase.tla
Parsing file /Users/cirstea/DEVELOP/ORACLE/TwoPhase/spec/TVOperators.tla
Parsing file /Users/cirstea/DEVELOP/ORACLE/TwoPhase/spec/TraceSpec.tla
Parsing file /private/var/folders/j8/dxzt9m3120d9kd73m4msx0m400005r/T/tlc-17783879864186308134/FiniteSetsExt.tla (jar:file:/Users/cirstea/.vscode/extensions/alygin.vscode-tlaplus-nightly-2024.2.2106/tools/CommunityModules-deps.jar!/FiniteSetsExt.tla)
Parsing file /private/var/folders/j8/dxzt9m3120d9kd73m4msx0m400005r/T/tlc-17783879864186308134/Functions.tla (jar:file:/Users/cirstea/.vscode/extensions/alygin.vscode-tlaplus-nightly-2024.2.2106/tools/CommunityModules-deps.jar!/Functions.tla)
Parsing file /private/var/folders/j8/dxzt9m3120d9kd73m4msx0m400005r/T/tlc-17783879864186308134/Folds.tla (jar:file:/Users/cirstea/.vscode/extensions/alygin.vscode-tlaplus-nightly-2024.2.2106/tools/CommunityModules-deps.jar!/Folds.tla)
Parsing file /private/var/folders/j8/dxzt9m3120d9kd73m4msx0m400005r/T/tlc-17783879864186308134/Integers.tla (jar:file:/Users/cirstea/.vscode/extensions/alygin.vscode-tlaplus-nightly-2024.2.2106/tools/tla2tools.jar!/tla2sany/StandardModules/Integers.tla)
Parsing file /Users/cirstea/DEVELOP/ORACLE/TwoPhase/spec/TCommit.tla
Semantic processing of module Naturals
Semantic processing of module Sequences
Semantic processing of module FiniteSets
Semantic processing of module TLC
Semantic processing of module Folds
Semantic processing of module Functions
Semantic processing of module FiniteSetsExt
Semantic processing of module SequencesExt
Semantic processing of module Bags
Semantic processing of module Json
Semantic processing of module Integers
Semantic processing of module IOUtils
Semantic processing of module TCommit
Semantic processing of module TwoPhase
Semantic processing of module TVOperators
Semantic processing of module TraceSpec
Semantic processing of module TwoPhaseTrace
@!@!@STARTMSG 2219:0 @!@!@
SANY finished.
@!@!@ENDMSG 2219 @!@!@
@!@!@STARTMSG 2185:0 @!@!@
Starting... (2024-02-22 16:14:11)
@!@!@ENDMSG 2185 @!@!@
<<"CONFIG_PATH environnement variable not found, use default config file.">>  <<[RM |-> <<"rm-0", "rm-1">>], [TM |-> <<"tm">>]>>
<<"CONFIG_PATH environnement variable not found, use default config file.">>  <<[RM |-> <<"rm-0", "rm-1">>], [TM |-> <<"tm">>]>>
<<"TRACE_PATH environnement variable not found, use default trace file.">>  << [ rmState |->
         <<[op |-> "Set", args |-> <<"working">>, path |-> <<"rm-0">>]>> ],
   [ tmState |-> <<[op |-> "Set", args |-> <<"init">>, path |-> <<>>]>>,
     tmPrepared |-> <<[op |-> "Clear", args |-> <<>>, path |-> <<>>]>> ],
   [ rmState |->
         <<[op |-> "Set", args |-> <<"working">>, path |-> <<"rm-1">>]>> ],
   [ rmState |->
         <<[op |-> "Set", args |-> <<"prepared">>, path |-> <<"rm-0">>]>>,
     msgs |->
         << [ op |-> "AddElement",
              args |-> <<[type |-> "Prepared", rm |-> "rm-0"]>>,
              path |-> <<>> ] >>,
     event |-> "RMPrepare",
     desc |-> "rm-0" ],
   [ tmPrepared |->
         <<[op |-> "AddElement", args |-> <<"rm-0">>, path |-> <<>>]>>,
     event |-> "TMRcvPrepared" ],
   [ rmState |->
         <<[op |-> "Set", args |-> <<"prepared">>, path |-> <<"rm-1">>]>>,
     msgs |->
         << [ op |-> "AddElement",
              args |-> <<[type |-> "Prepared", rm |-> "rm-1"]>>,
              path |-> <<>> ] >>,
     event |-> "RMPrepare",
     desc |-> "rm-1" ],
   [ tmPrepared |->
         <<[op |-> "AddElement", args |-> <<"rm-1">>, path |-> <<>>]>>,
     event |-> "TMRcvPrepared" ],
   [ tmState |-> <<[op |-> "Set", args |-> <<"done">>, path |-> <<>>]>>,
     msgs |->
         << [ op |-> "AddElement",
              args |-> <<[type |-> "Commit"]>>,
              path |-> <<>> ] >>,
     event |-> "TMCommit" ],
   [ rmState |->
         <<[op |-> "Set", args |-> <<"committed">>, path |-> <<"rm-0">>]>>,
     event |-> "RMRcvCommitMsg",
     desc |-> "rm-0" ],
   [ rmState |->
         <<[op |-> "Set", args |-> <<"committed">>, path |-> <<"rm-1">>]>>,
     event |-> "RMRcvCommitMsg",
     desc |-> "rm-1" ] >>
<<"CONFIG_PATH environnement variable not found, use default config file.">>  <<[RM |-> <<"rm-0", "rm-1">>], [TM |-> <<"tm">>]>>
@!@!@STARTMSG 2189:0 @!@!@
Computing initial states...
@!@!@ENDMSG 2189 @!@!@
@!@!@STARTMSG 2190:0 @!@!@
Finished computing initial states: 1 distinct state generated at 2024-02-22 16:14:11.
@!@!@ENDMSG 2190 @!@!@
@!@!@STARTMSG 2143:3 @!@!@
The variable tmState was changed while it is specified as UNCHANGED at
line 125, col 18 to line 125, col 24 of module TwoPhase
@!@!@ENDMSG 2143 @!@!@
@!@!@STARTMSG 2143:3 @!@!@
The variable tmState was changed while it is specified as UNCHANGED at
line 141, col 18 to line 141, col 24 of module TwoPhase
@!@!@ENDMSG 2143 @!@!@
@!@!@STARTMSG 2143:3 @!@!@
The variable tmState was changed while it is specified as UNCHANGED at
line 41, col 20 to line 41, col 26 of module TwoPhase
@!@!@ENDMSG 2143 @!@!@
@!@!@STARTMSG 2143:3 @!@!@
The variable rmState was changed while it is specified as UNCHANGED at
line 107, col 18 to line 107, col 24 of module TwoPhase
@!@!@ENDMSG 2143 @!@!@
@!@!@STARTMSG 2143:3 @!@!@
The variable rmState was changed while it is specified as UNCHANGED at
line 87, col 18 to line 87, col 24 of module TwoPhase
@!@!@ENDMSG 2143 @!@!@
@!@!@STARTMSG 2143:3 @!@!@
The variable rmState was changed while it is specified as UNCHANGED at
line 41, col 11 to line 41, col 17 of module TwoPhase
@!@!@ENDMSG 2143 @!@!@
@!@!@STARTMSG 2193:0 @!@!@
Model checking completed. No error has been found.
  Estimates of the probability that TLC did not check all reachable states
  because two distinct states had the same fingerprint:
  calculated (optimistic):  val = 0.0
@!@!@ENDMSG 2193 @!@!@
@!@!@STARTMSG 2200:0 @!@!@
Progress(11) at 2024-02-22 16:14:11: 23 states generated (1,371 s/min), 23 distinct states found (1,371 ds/min), 0 states left on queue.
@!@!@ENDMSG 2200 @!@!@
@!@!@STARTMSG 2199:0 @!@!@
23 states generated, 23 distinct states found, 0 states left on queue.
@!@!@ENDMSG 2199 @!@!@
@!@!@STARTMSG 2194:0 @!@!@
The depth of the complete state graph search is 11.
@!@!@ENDMSG 2194 @!@!@
@!@!@STARTMSG 2268:0 @!@!@
The average outdegree of the complete state graph is 1 (minimum is 0, the maximum 5 and the 95th percentile is 3).
@!@!@ENDMSG 2268 @!@!@
@!@!@STARTMSG 2186:0 @!@!@
Finished in 1013ms at (2024-02-22 16:14:11)
@!@!@ENDMSG 2186 @!@!@
